<?xml version="1.0" encoding="UTF-8"?>
<!-- Generated by org.testng.reporters.JUnitReportReporter -->
<testsuite skipped="0" hostname="Afsanas-MacBook-Pro.local" name="annotaion_homework.annotation_homework" tests="2" failures="0" timestamp="2020-07-02T21:07:02 EDT" time="19.138" errors="0">
  <testcase name="SearchOption" time="11.276" classname="annotaion_homework.annotation_homework"/>
  <system-out/>
  <testcase name="mousehover_signin_option" time="7.862" classname="annotaion_homework.annotation_homework"/>
  <system-out/>
</testsuite> <!-- annotaion_homework.annotation_homework -->
