<?xml version="1.0" encoding="UTF-8"?>
<!-- Generated by org.testng.reporters.JUnitReportReporter -->
<testsuite hostname="Afsanas-MacBook-Pro.local" failures="0" tests="1" name="test_signIn.LoginWithInvalidCredentialUsingEmailTest" time="7.991" errors="0" timestamp="18 Aug 2020 00:26:04 GMT">
  <testcase classname="test_signIn.LoginWithInvalidCredentialUsingEmailTest" name="loginWithInValidCredentialUsingEmailTest" time="7.991"/>
</testsuite> <!-- test_signIn.LoginWithInvalidCredentialUsingEmailTest -->
