<?xml version="1.0" encoding="UTF-8"?>
<!-- Generated by org.testng.reporters.JUnitReportReporter -->
<testsuite skipped="0" hostname="Afsanas-MacBook-Pro.local" name="annotation_framework_classwork.config$Config" tests="1" failures="0" timestamp="2020-07-02T23:20:42 EDT" time="18.436" errors="0">
  <testcase name="signUpFbTest" time="18.436" classname="annotation_framework_classwork.config$Config"/>
  <system-out/>
</testsuite> <!-- annotation_framework_classwork.config$Config -->
