<?xml version="1.0" encoding="UTF-8"?>
<!-- Generated by org.testng.reporters.JUnitReportReporter -->
<testsuite skipped="0" hostname="Afsanas-MacBook-Pro.local" name="annotation_framework_classwork.annotation_Test" tests="1" failures="0" timestamp="2020-07-01T23:57:36 EDT" time="10.825" errors="0">
  <testcase name="signUpFbTest" time="10.825" classname="annotation_framework_classwork.annotation_Test"/>
  <system-out/>
</testsuite> <!-- annotation_framework_classwork.annotation_Test -->
