<?xml version="1.0" encoding="UTF-8"?>
<!-- Generated by org.testng.reporters.JUnitReportReporter -->
<testsuite skipped="2" hostname="Afsanas-MacBook-Pro.local" name="annotaion_homework.annotation_homework2" tests="6" failures="0" timestamp="2020-07-02T23:24:43 EDT" time="30.587" errors="0">
  <testcase name="signUpFbTest" time="6.407" classname="annotaion_homework.annotation_homework2"/>
  <system-out/>
  <testcase name="inputmobileno" time="7.427" classname="annotaion_homework.annotation_homework2"/>
  <system-out/>
  <testcase name="skipTest" time="3.269" classname="annotaion_homework.annotation_homework2">
    <skipped/>
  </testcase> <!-- skipTest -->
  <system-out/>
  <testcase name="signinfbtest" time="9.070" classname="annotaion_homework.annotation_homework2"/>
  <system-out/>
  <testcase name="tryCatchTest" time="4.414" classname="annotaion_homework.annotation_homework2"/>
  <system-out/>
  <testcase name="disableTest" classname="annotaion_homework.annotation_homework2">
    <skipped/>
  </testcase> <!-- disableTest -->
  <system-out/>
</testsuite> <!-- annotaion_homework.annotation_homework2 -->
