<?xml version="1.0" encoding="UTF-8"?>
<!-- Generated by org.testng.reporters.JUnitReportReporter -->
<testsuite skipped="1" hostname="Afsanas-MacBook-Pro.local" name="annotaion_homework.assertion_homewrok" tests="5" failures="0" timestamp="2020-07-02T22:58:48 EDT" time="34.180" errors="0">
  <testcase name="assertionPrec" time="5.888" classname="annotaion_homework.assertion_homewrok"/>
  <system-out/>
  <testcase name="signUpFbTest" time="7.450" classname="annotaion_homework.assertion_homewrok"/>
  <system-out/>
  <testcase name="inputmobileno" time="9.133" classname="annotaion_homework.assertion_homewrok"/>
  <system-out/>
  <testcase name="skipTest" time="4.273" classname="annotaion_homework.assertion_homewrok">
    <skipped/>
  </testcase> <!-- skipTest -->
  <system-out/>
  <testcase name="signinfbtest" time="7.436" classname="annotaion_homework.assertion_homewrok"/>
  <system-out/>
</testsuite> <!-- annotaion_homework.assertion_homewrok -->
